app/proguard-rules.pro
# Add project specific ProGuard rules here.
# By default, the flags in this file are appended to flags specified
# in /usr/local/Cellar/android-sdk/24.3.3/tools/proguard/proguard-android.txt
# You can edit the include path and order by changing the proguardFiles
# directive in build.gradle.
#
# For more details, see
#   http://developer.android.com/guide/developing/tools/proguard.html

# Add any project specific keep options here:

# If your project uses WebView with JS, uncomment the following
# and specify the fully qualified class name to the JavaScript interface
# class:
#-keepclassmembers class fqcn.of.javascript.interface.for.webview {
#   public *;
#}

# Disabling obfuscation is useful if you collect stack traces from production crashes
# (unless you are using a system that supports de-obfuscate the stack traces).
-dontobfuscate

# React Native

# Keep our interfaces so they can be used by other ProGuard rules.
# See http://sourceforge.net/p/proguard/bugs/466/
-keep,allowobfuscation @interface com.facebook.proguard.annotations.DoNotStrip
-keep,allowobfuscation @interface com.facebook.proguard.annotations.KeepGettersAndSetters
-keep,allowobfuscation @interface com.facebook.common.internal.DoNotStrip

# Do not strip any method/class that is annotated with @DoNotStrip
-keep @com.facebook.proguard.annotations.DoNotStrip class *
-keep @com.facebook.common.internal.DoNotStrip class *
-keepclassmembers class * {
    @com.facebook.proguard.annotations.DoNotStrip *;
    @com.facebook.common.internal.DoNotStrip *;
}

-keepclassmembers @com.facebook.proguard.annotations.KeepGettersAndSetters class * {
  void set*(***);
  *** get*();
}

-keep class * extends com.facebook.react.bridge.JavaScriptModule { *; }
-keep class * extends com.facebook.react.bridge.NativeModule { *; }
-keepclassmembers,includedescriptorclasses class * { native <methods>; }
-keepclassmembers class *  { @com.facebook.react.uimanager.UIProp <fields>; }
-keepclassmembers class *  { @com.facebook.react.uimanager.annotations.ReactProp <methods>; }
-keepclassmembers class *  { @com.facebook.react.uimanager.annotations.ReactPropGroup <methods>; }

-dontwarn com.facebook.react.**

# okhttp

-keepattributes Signature
-keepattributes *Annotation*
-keep class okhttp3.** { *; }
-keep interface okhttp3.** { *; }
-dontwarn okhttp3.**

# okio

-keep class sun.misc.Unsafe { *; }
-dontwarn java.nio.file.*
-dontwarn org.codehaus.mojo.animal_sniffer.IgnoreJRERequirement
-dontwarn okio.**

# umeng
-keepclassmembers class * {
   public <init> (org.json.JSONObject);
}

-keep public class com.timediffproject.R$*{
public static final int *;
}

-keepclassmembers enum * {
    public static **[] values();
    public static ** valueOf(java.lang.String);
}

# umeng push
-dontwarn com.taobao.**
-dontwarn anet.channel.**
-dontwarn anetwork.channel.**
-dontwarn org.android.**
-dontwarn org.apache.thrift.**
-dontwarn com.xiaomi.**
-dontwarn com.huawei.**

-keepattributes *Annotation*

-keep class com.taobao.** {*;}
-keep class org.android.** {*;}
-keep class anet.channel.** {*;}
-keep class com.umeng.** {*;}
-keep class com.xiaomi.** {*;}
-keep class com.huawei.** {*;}
-keep class org.apache.thrift.** {*;}

-keep class com.alibaba.sdk.android.**{*;}
-keep class com.ut.**{*;}
-keep class com.ta.**{*;}

-keep public class **.R$*{
   public static final int *;
}

# umeng share
-dontusemixedcaseclassnames
-dontshrink
-dontoptimize
-dontwarn com.google.android.maps.**
-dontwarn android.webkit.WebView
-dontwarn com.umeng.**
-dontwarn com.tencent.weibo.sdk.**
-dontwarn com.facebook.**
-keep public class javax.**
-keep public class android.webkit.**
-dontwarn android.support.v4.**
-keep enum com.facebook.**
-keepattributes Exceptions,InnerClasses,Signature
-keepattributes *Annotation*
-keepattributes SourceFile,LineNumberTable

-keep public interface com.facebook.**
-keep public interface com.tencent.**
-keep public interface com.umeng.socialize.**
-keep public interface com.umeng.socialize.sensor.**
-keep public interface com.umeng.scrshot.**
-keep class com.android.dingtalk.share.ddsharemodule.** { *; }
-keep public class com.umeng.socialize.* {*;}


-keep class com.facebook.**
-keep class com.facebook.** { *; }
-keep class com.umeng.scrshot.**
-keep public class com.tencent.** {*;}
-keep class com.umeng.socialize.sensor.**
-keep class com.umeng.socialize.handler.**
-keep class com.umeng.socialize.handler.*
-keep class com.umeng.weixin.handler.**
-keep class com.umeng.weixin.handler.*
-keep class com.umeng.qq.handler.**
-keep class com.umeng.qq.handler.*
-keep class UMMoreHandler{*;}
-keep class com.tencent.mm.sdk.modelmsg.WXMediaMessage {*;}
-keep class com.tencent.mm.sdk.modelmsg.** implements   com.tencent.mm.sdk.modelmsg.WXMediaMessage$IMediaObject {*;}
-keep class im.yixin.sdk.api.YXMessage {*;}
-keep class im.yixin.sdk.api.** implements im.yixin.sdk.api.YXMessage$YXMessageData{*;}
-keep class com.tencent.mm.sdk.** {
 *;
}
-keep class com.tencent.mm.opensdk.** {
*;
}
-dontwarn twitter4j.**
-keep class twitter4j.** { *; }

-keep class com.tencent.** {*;}
-dontwarn com.tencent.**
-keep public class com.umeng.com.umeng.soexample.R$*{
public static final int *;
}
-keep public class com.linkedin.android.mobilesdk.R$*{
public static final int *;
    }
-keepclassmembers enum * {
public static **[] values();
public static ** valueOf(java.lang.String);
}

-keep class com.tencent.open.TDialog$*
-keep class com.tencent.open.TDialog$* {*;}
-keep class com.tencent.open.PKDialog
-keep class com.tencent.open.PKDialog {*;}
-keep class com.tencent.open.PKDialog$*
-keep class com.tencent.open.PKDialog$* {*;}

-keep class com.sina.** {*;}
-dontwarn com.sina.**
-keep class  com.alipay.share.sdk.** {
   *;
}
-keepnames class * implements android.os.Parcelable {
public static final ** CREATOR;
}

-keep class com.linkedin.** { *; }
-keepattributes Signature

-dontwarn com.alibaba.fastjson.**
-keep class com.alibaba.fastjson.** { *; }



-optimizationpasses 5
-dontusemixedcaseclassnames
-dontskipnonpubliclibraryclasses
-dontpreverify
-verbose
-optimizations !code/simplification/arithmetic,!field/*,!class/merging/*

-ignorewarnings
-renamesourcefileattribute SourceFile
-keepattributes SourceFile,LineNumberTable

-keep public class * extends android.app.Activity
-keep public class * extends android.app.Application
-keep public class * extends android.app.Service
-keep public class * extends android.content.BroadcastReceiver
-keep public class * extends android.content.ContentProvider
-keep public class * extends android.app.backup.BackupAgentHelper
-keep public class * extends android.preference.Preference
-keep public class com.android.vending.licensing.ILicensingService

-keepclasseswithmembernames class * {
    native <methods>;
}

-keepclasseswithmembers class * {
    public <init>(android.content.Context, android.util.AttributeSet);
}

-keepclasseswithmembers class * {
    public <init>(android.content.Context, android.util.AttributeSet, int);
}

-keepclassmembers class * extends android.app.Activity {
   public void *(android.view.View);
}

-keepclassmembers enum * {
    public static **[] values();
    public static ** valueOf(java.lang.String);
}

-keep class * implements android.os.Parcelable {
  public static final android.os.Parcelable$Creator *;
}

-keepnames class * implements java.io.Serializable

-keepclassmembers class * implements java.io.Serializable {
    static final long serialVersionUID;
    private static final java.io.ObjectStreamField[] serialPersistentFields;
    !static !transient <fields>;
    private void writeObject(java.io.ObjectOutputStream);
    private void readObject(java.io.ObjectInputStream);
    java.lang.Object writeReplace();
    java.lang.Object readResolve();
}


-keep class com.gaokaozhiyuan.module.web.**{
    *;
}

-keep class com.tencent.mm.sdk.modelmsg.WXMediaMessage { *;}
-keep class com.tencent.mm.sdk.modelmsg.** implements com.tencent.mm.sdk.modelmsg.WXMediaMessage$IMediaObject {*;}
-keep class com.tencent.mm.sdk.** {
   *;
}

-dontwarn cn.jpush.**
-keep class cn.jpush.** {
    *;
}

#fresco

# Keep our interfaces so they can be used by other ProGuard rules.
# See http://sourceforge.net/p/proguard/bugs/466/
-keep,allowobfuscation @interface com.facebook.common.internal.DoNotStrip

# Do not strip any method/class that is annotated with @DoNotStrip
-keep @com.facebook.common.internal.DoNotStrip class *
-keepclassmembers class * {
    @com.facebook.common.internal.DoNotStrip *;
}

# Keep native methods
-keepclassmembers class * {
    native <methods>;
}

-dontwarn okio.**
-dontwarn javax.annotation.**


#防止在用fastjson将改对象转成json时失败,该类不能混淆
-keep class com.gaokaozhiyuan.module.home_v3.models.UploadAppFormModel{*;}
-keep class com.gaokaozhiyuan.module.home_v3.models.UploadAppFormModel$BatchListEntity{*;}
-keep class com.gaokaozhiyuan.module.home_v3.models.UploadAppFormModel$BatchListEntity$GroupListEntity{*;}
-keep class com.gaokaozhiyuan.module.home_v3.models.UploadAppFormModel$BatchListEntity$GroupListEntity$ZyListEntity{*;}
-keep class com.gaokaozhiyuan.module.information.model.ArticleCommentModel{*;}
-keep class com.gaokaozhiyuan.module.information.ArticleDetailActivity$NativeCommentController{*;}

#热修复相关类，不能混淆
-keep class com.alipay.euler.andfix.AndFix{*;}
-keep class com.alipay.euler.andfix.annotation.MethodReplace{*;}
-keep class * extends java.lang.annotation.Annotation