app/build/outputs/mapping/anfenwan/release/seeds.txt
com.timediffproject.R$anim
com.timediffproject.R$anim: int abc_fade_in
com.timediffproject.R$anim: int abc_fade_out
com.timediffproject.R$anim: int abc_grow_fade_in_from_bottom
com.timediffproject.R$anim: int abc_popup_enter
com.timediffproject.R$anim: int abc_popup_exit
com.timediffproject.R$anim: int abc_shrink_fade_out_from_bottom
com.timediffproject.R$anim: int abc_slide_in_bottom
com.timediffproject.R$anim: int abc_slide_in_top
com.timediffproject.R$anim: int abc_slide_out_bottom
com.timediffproject.R$anim: int abc_slide_out_top
com.timediffproject.R$anim: int design_bottom_sheet_slide_in
com.timediffproject.R$anim: int design_bottom_sheet_slide_out
com.timediffproject.R$anim: int design_fab_in
com.timediffproject.R$anim: int design_fab_out
com.timediffproject.R$anim: int design_snackbar_in
com.timediffproject.R$anim: int design_snackbar_out
com.timediffproject.R$anim: int dialog_in
com.timediffproject.R$anim: int dialog_out
com.timediffproject.R$anim: int slide_bottom_to_up
com.timediffproject.R$anim: int slide_original_to_bottom
com.timediffproject.R$animator
com.timediffproject.R$animator: int design_appbar_state_list_animator
com.timediffproject.R$array
com.timediffproject.R$array: int day_of_week
com.timediffproject.R$array: int hour
com.timediffproject.R$array: int min
com.timediffproject.R$attr
com.timediffproject.R$attr: int actionBarDivider
com.timediffproject.R$attr: int actionBarItemBackground
com.timediffproject.R$attr: int actionBarPopupTheme
com.timediffproject.R$attr: int actionBarSize
com.timediffproject.R$attr: int actionBarSplitStyle
com.timediffproject.R$attr: int actionBarStyle
com.timediffproject.R$attr: int actionBarTabBarStyle
com.timediffproject.R$attr: int actionBarTabStyle
com.timediffproject.R$attr: int actionBarTabTextStyle
com.timediffproject.R$attr: int actionBarTheme
com.timediffproject.R$attr: int actionBarWidgetTheme
com.timediffproject.R$attr: int actionButtonStyle
com.timediffproject.R$attr: int actionDropDownStyle
com.timediffproject.R$attr: int actionLayout
com.timediffproject.R$attr: int actionMenuTextAppearance
com.timediffproject.R$attr: int actionMenuTextColor
com.timediffproject.R$attr: int actionModeBackground
com.timediffproject.R$attr: int actionModeCloseButtonStyle
com.timediffproject.R$attr: int actionModeCloseDrawable
com.timediffproject.R$attr: int actionModeCopyDrawable
com.timediffproject.R$attr: int actionModeCutDrawable
com.timediffproject.R$attr: int actionModeFindDrawable
com.timediffproject.R$attr: int actionModePasteDrawable
com.timediffproject.R$attr: int actionModePopupWindowStyle
com.timediffproject.R$attr: int actionModeSelectAllDrawable
com.timediffproject.R$attr: int actionModeShareDrawable
com.timediffproject.R$attr: int actionModeSplitBackground
com.timediffproject.R$bool
com.timediffproject.R$bool: int abc_action_bar_embed_tabs
com.timediffproject.R$bool: int abc_allow_stacked_button_bar
com.timediffproject.R$bool: int abc_config_actionMenuItemAllCaps
com.timediffproject.R$bool: int abc_config_closeDialogWhenTouchOutside
com.timediffproject.R$bool: int abc_config_showMenuShortcutsWhenKeyboardPresent
...
com.facebook.imagepipeline.producers.DelegatingConsumer
com.facebook.imagepipeline.producers.DelegatingConsumer: com.facebook.imagepipeline.producers.Consumer mConsumer
com.facebook.imagepipeline.producers.DelegatingConsumer: DelegatingConsumer(com.facebook.imagepipeline.producers.Consumer)
com.facebook.imagepipeline.producers.DelegatingConsumer: com.facebook.imagepipeline.producers.Consumer getConsumer()
com.facebook.imagepipeline.producers.DelegatingConsumer: void onFailureImpl(java.lang.Throwable)
com.facebook.imagepipeline.producers.DelegatingConsumer: void onCancellationImpl()
com.facebook.imagepipeline.producers.DelegatingConsumer: void onProgressUpdateImpl(float)
com.facebook.imagepipeline.producers.DiskCacheProducer
com.facebook.imagepipeline.producers.DiskCacheProducer: java.lang.String PRODUCER_NAME
com.facebook.imagepipeline.producers.DiskCacheProducer: java.lang.String VALUE_FOUND
com.facebook.imagepipeline.producers.DiskCacheProducer: com.facebook.imagepipeline.cache.BufferedDiskCache mDefaultBufferedDiskCache
com.facebook.imagepipeline.producers.DiskCacheProducer: com.facebook.imagepipeline.cache.BufferedDiskCache mSmallImageBufferedDiskCache
com.facebook.imagepipeline.producers.DiskCacheProducer: com.facebook.imagepipeline.cache.CacheKeyFactory mCacheKeyFactory
com.facebook.imagepipeline.producers.DiskCacheProducer: com.facebook.imagepipeline.producers.Producer mInputProducer
com.facebook.imagepipeline.producers.DiskCacheProducer: boolean mChooseCacheByImageSize
com.facebook.imagepipeline.producers.DiskCacheProducer: int mForceSmallCacheThresholdBytes
com.facebook.imagepipeline.producers.DiskCacheProducer: DiskCacheProducer(com.facebook.imagepipeline.cache.BufferedDiskCache,com.facebook.imagepipeline.cache.BufferedDiskCache,com.facebook.imagepipeline.cache.CacheKeyFactory,com.facebook.imagepipeline.producers.Producer,int)
com.facebook.imagepipeline.producers.DiskCacheProducer: void produceResults(com.facebook.imagepipeline.producers.Consumer,com.facebook.imagepipeline.producers.ProducerContext)
com.facebook.imagepipeline.producers.DiskCacheProducer$1
com.facebook.imagepipeline.producers.DiskCacheProducer$1: com.facebook.imagepipeline.cache.BufferedDiskCache val$secondCache
com.facebook.imagepipeline.producers.DiskCacheProducer$1: com.facebook.cache.common.CacheKey val$cacheKey
com.facebook.imagepipeline.producers.DiskCacheProducer$1: java.util.concurrent.atomic.AtomicBoolean val$isCancelled
com.facebook.imagepipeline.producers.DiskCacheProducer$1: com.facebook.imagepipeline.producers.DiskCacheProducer this$0
com.facebook.imagepipeline.producers.DiskCacheProducer$1: DiskCacheProducer$1(com.facebook.imagepipeline.producers.DiskCacheProducer,com.facebook.imagepipeline.cache.BufferedDiskCache,com.facebook.cache.common.CacheKey,java.util.concurrent.atomic.AtomicBoolean)
com.facebook.imagepipeline.producers.DiskCacheProducer$1: bolts.Task then(bolts.Task)
com.facebook.imagepipeline.producers.DiskCacheProducer$1: java.lang.Object then(bolts.Task)